[debug] [2018-08-21T23:11:15.502Z] ----------------------------------------------------------------------
[debug] [2018-08-21T23:11:15.504Z] Command:       C:\Program Files\nodejs\node.exe C:\Users\akhan\AppData\Roaming\npm\node_modules\firebase-tools\bin\firebase deploy
[debug] [2018-08-21T23:11:15.504Z] CLI Version:   4.1.1
[debug] [2018-08-21T23:11:15.504Z] Platform:      win32
[debug] [2018-08-21T23:11:15.504Z] Node Version:  v8.9.1
[debug] [2018-08-21T23:11:15.504Z] Time:          Tue Aug 21 2018 16:11:15 GMT-0700 (Pacific Daylight Time)
[debug] [2018-08-21T23:11:15.505Z] ----------------------------------------------------------------------
[debug] 
[debug] [2018-08-21T23:11:15.512Z] > command requires scopes: ["email","openid","https://www.googleapis.com/auth/cloudplatformprojects.readonly","https://www.googleapis.com/auth/firebase","https://www.googleapis.com/auth/cloud-platform"]
[debug] [2018-08-21T23:11:15.513Z] > authorizing via signed-in user
[debug] [2018-08-21T23:11:15.514Z] >>> HTTP REQUEST GET https://admin.firebase.com/v1/projects/mvhacks-ba7cf  
 
[debug] [2018-08-21T23:11:15.972Z] <<< HTTP RESPONSE 200
[debug] [2018-08-21T23:11:15.973Z] >>> HTTP REQUEST GET https://admin.firebase.com/v1/database/mvhacks-ba7cf/tokens  
 
[debug] [2018-08-21T23:11:16.357Z] <<< HTTP RESPONSE 200
[info] 
[info] === Deploying to 'mvhacks-ba7cf'...
[info] 
[info] i  deploying hosting
[debug] [2018-08-21T23:11:16.830Z] >>> HTTP REQUEST POST https://firebasehosting.googleapis.com/v1beta1/sites/mvhacks-ba7cf/versions  

[debug] [2018-08-21T23:11:17.543Z] <<< HTTP RESPONSE 200
[info] i  hosting: found 221 files in public directory
[debug] [2018-08-21T23:11:18.034Z] [hosting] hash cache [0] stored for 221 files
[debug] [2018-08-21T23:11:18.034Z] [hosting][hash queue][FINAL]
[debug] [2018-08-21T23:11:18.034Z] >>> HTTP REQUEST POST https://firebasehosting.googleapis.com/v1beta1/sites/mvhacks-ba7cf/versions/f58fb2ee266ee8d3:populateFiles  
 <request body omitted>
